::1 - - [31/Jul/2020:18:19:52 +0000] "GET /api/bills/5f23f0849d44413f68ecf528/pdf HTTP/1.1" - - "-" "PostmanRuntime/7.26.2"
::1 - - [31/Jul/2020:18:19:57 +0000] "GET /api/bills HTTP/1.1" 200 913 "-" "PostmanRuntime/7.26.2"
::1 - - [31/Jul/2020:18:20:08 +0000] "GET /api/bills/5f242d945b0c771ea4a319a6/pdf HTTP/1.1" 200 - "-" "PostmanRuntime/7.26.2"
::1 - - [01/Aug/2020:04:27:13 +0000] "GET /api/bills HTTP/1.1" 200 913 "-" "PostmanRuntime/7.26.2"
::1 - - [01/Aug/2020:04:28:51 +0000] "GET /api/customers HTTP/1.1" 200 286 "-" "PostmanRuntime/7.26.2"
::1 - - [01/Aug/2020:04:29:03 +0000] "POST /api/bills HTTP/1.1" 200 373 "-" "PostmanRuntime/7.26.2"
::1 - - [01/Aug/2020:04:33:07 +0000] "POST /api/bills HTTP/1.1" 200 327 "-" "PostmanRuntime/7.26.2"
::1 - - [01/Aug/2020:04:33:47 +0000] "POST /api/bills HTTP/1.1" 200 326 "-" "PostmanRuntime/7.26.2"
::1 - - [01/Aug/2020:04:34:25 +0000] "POST /api/bills HTTP/1.1" 200 327 "-" "PostmanRuntime/7.26.2"
::1 - - [01/Aug/2020:04:35:12 +0000] "POST /api/bills HTTP/1.1" 200 326 "-" "PostmanRuntime/7.26.2"
::1 - - [01/Aug/2020:04:39:55 +0000] "GET /api/customers HTTP/1.1" 200 366 "-" "PostmanRuntime/7.26.2"
::1 - - [01/Aug/2020:04:43:50 +0000] "POST /api/bills HTTP/1.1" 200 326 "-" "PostmanRuntime/7.26.2"
::1 - - [01/Aug/2020:04:46:10 +0000] "POST /api/bills HTTP/1.1" 200 326 "-" "PostmanRuntime/7.26.2"
::1 - - [01/Aug/2020:04:48:42 +0000] "POST /api/bills HTTP/1.1" 200 326 "-" "PostmanRuntime/7.26.2"
::1 - - [01/Aug/2020:04:52:08 +0000] "POST /api/bills HTTP/1.1" 200 326 "-" "PostmanRuntime/7.26.2"
::1 - - [01/Aug/2020:04:54:40 +0000] "POST /api/bills HTTP/1.1" 200 326 "-" "PostmanRuntime/7.26.2"
::1 - - [01/Aug/2020:04:54:58 +0000] "POST /api/bills HTTP/1.1" 200 326 "-" "PostmanRuntime/7.26.2"
::1 - - [01/Aug/2020:04:56:11 +0000] "GET /api/bills/5f24f5a28f62042b884ac3a2/pdf HTTP/1.1" 200 - "-" "PostmanRuntime/7.26.2"
::1 - - [01/Aug/2020:04:57:27 +0000] "GET /api/bills/5f24f5a28f62042b884ac3a2/pdf HTTP/1.1" 200 - "-" "PostmanRuntime/7.26.2"
::1 - - [01/Aug/2020:04:58:17 +0000] "GET /api/bills/5f24f5a28f62042b884ac3a2/pdf HTTP/1.1" 200 - "-" "PostmanRuntime/7.26.2"
::1 - - [01/Aug/2020:05:00:49 +0000] "GET /api/bills/5f24f5a28f62042b884ac3a2/pdf HTTP/1.1" 200 - "-" "PostmanRuntime/7.26.2"
::1 - - [01/Aug/2020:05:01:15 +0000] "GET /api/bills/5f24f5a28f62042b884ac3a2/pdf HTTP/1.1" 200 - "-" "PostmanRuntime/7.26.2"
::ffff:127.0.0.1 - - [01/Aug/2020:05:09:24 +0000] "GET /api/bills/5f24f5a28f62042b884ac3a2/pdf HTTP/1.1" 200 - "-" "PostmanRuntime/7.26.2"
::1 - - [01/Aug/2020:05:10:46 +0000] "GET /api/bills/5f24f5a28f62042b884ac3a2/pdf HTTP/1.1" 200 - "-" "PostmanRuntime/7.26.2"
::1 - - [01/Aug/2020:05:13:41 +0000] "GET /api/bills/5f24f5a28f62042b884ac3a2/pdf HTTP/1.1" 200 - "-" "PostmanRuntime/7.26.2"
::1 - - [01/Aug/2020:05:15:42 +0000] "GET /api/bills/5f24f5a28f62042b884ac3a2/pdf HTTP/1.1" 200 - "-" "PostmanRuntime/7.26.2"
::1 - - [03/Aug/2020:05:45:54 +0000] "GET / HTTP/1.1" 200 15 "-" "PostmanRuntime/7.26.2"
::1 - - [03/Aug/2020:05:46:11 +0000] "GET / HTTP/1.1" 200 15 "-" "PostmanRuntime/7.26.2"
::1 - - [03/Aug/2020:05:49:32 +0000] "GET / HTTP/1.1" - - "-" "PostmanRuntime/7.26.2"
::1 - - [03/Aug/2020:06:09:27 +0000] "GET / HTTP/1.1" 200 20 "-" "PostmanRuntime/7.26.2"
::ffff:127.0.0.1 - - [03/Aug/2020:06:10:10 +0000] "GET / HTTP/1.1" 200 20 "-" "PostmanRuntime/7.26.2"
::1 - - [03/Aug/2020:07:33:30 +0000] "GET /api/bills HTTP/1.1" 200 655 "-" "PostmanRuntime/7.26.2"
::1 - - [03/Aug/2020:07:36:50 +0000] "POST /api/bills HTTP/1.1" 200 329 "-" "PostmanRuntime/7.26.2"
